Flow report for finalproject
Tue May 05 17:46:11 2020
Quartus Prime Version 18.0.0 Build 614 04/24/2018 SJ Lite Edition


---------------------
; Table of Contents ;
---------------------
  1. Legal Notice
  2. Flow Summary
  3. Flow Settings
  4. Flow Non-Default Global Settings
  5. Flow Elapsed Time
  6. Flow OS Summary
  7. Flow Log
  8. Flow Messages
  9. Flow Suppressed Messages



----------------
; Legal Notice ;
----------------
Copyright (C) 2018  Intel Corporation. All rights reserved.
Your use of Intel Corporation's design tools, logic functions 
and other software and tools, and its AMPP partner logic 
functions, and any output files from any of the foregoing 
(including device programming or simulation files), and any 
associated documentation or information are expressly subject 
to the terms and conditions of the Intel Program License 
Subscription Agreement, the Intel Quartus Prime License Agreement,
the Intel FPGA IP License Agreement, or other applicable license
agreement, including, without limitation, that your use is for
the sole purpose of programming logic devices manufactured by
Intel and sold by Intel or its authorized distributors.  Please
refer to the applicable agreement for further details.



+----------------------------------------------------------------------------------+
; Flow Summary                                                                     ;
+------------------------------------+---------------------------------------------+
; Flow Status                        ; Successful - Tue May 05 17:46:11 2020       ;
; Quartus Prime Version              ; 18.0.0 Build 614 04/24/2018 SJ Lite Edition ;
; Revision Name                      ; finalproject                                ;
; Top-level Entity Name              ; FinalProject                                ;
; Family                             ; Cyclone IV E                                ;
; Device                             ; EP4CE115F29C7                               ;
; Timing Models                      ; Final                                       ;
; Total logic elements               ; 8,329 / 114,480 ( 7 % )                     ;
;     Total combinational functions  ; 7,638 / 114,480 ( 7 % )                     ;
;     Dedicated logic registers      ; 2,828 / 114,480 ( 2 % )                     ;
; Total registers                    ; 2947                                        ;
; Total pins                         ; 184 / 529 ( 35 % )                          ;
; Total virtual pins                 ; 0                                           ;
; Total memory bits                  ; 1,916,192 / 3,981,312 ( 48 % )              ;
; Embedded Multiplier 9-bit elements ; 0 / 532 ( 0 % )                             ;
; Total PLLs                         ; 2 / 4 ( 50 % )                              ;
+------------------------------------+---------------------------------------------+


+-----------------------------------------+
; Flow Settings                           ;
+-------------------+---------------------+
; Option            ; Setting             ;
+-------------------+---------------------+
; Start date & time ; 05/05/2020 17:34:44 ;
; Main task         ; Compilation         ;
; Revision Name     ; finalproject        ;
+-------------------+---------------------+


+----------------------------------------------------------------------------------------------------------------------------------------------------------------+
; Flow Non-Default Global Settings                                                                                                                               ;
+-------------------------------------+---------------------------------------------------------------------+---------------+-------------------+----------------+
; Assignment Name                     ; Value                                                               ; Default Value ; Entity Name       ; Section Id     ;
+-------------------------------------+---------------------------------------------------------------------+---------------+-------------------+----------------+
; COMPILER_SIGNATURE_ID               ; 174508026490797.158871808209484                                     ; --            ; --                ; --             ;
; EDA_OUTPUT_DATA_FORMAT              ; Systemverilog Hdl                                                   ; --            ; --                ; eda_simulation ;
; EDA_SIMULATION_TOOL                 ; ModelSim-Altera (SystemVerilog)                                     ; <None>        ; --                ; --             ;
; EDA_TIME_SCALE                      ; 1 ps                                                                ; --            ; --                ; eda_simulation ;
; FLOW_ENABLE_POWER_ANALYZER          ; On                                                                  ; Off           ; --                ; --             ;
; MAX_CORE_JUNCTION_TEMP              ; 85                                                                  ; --            ; --                ; --             ;
; MIN_CORE_JUNCTION_TEMP              ; 0                                                                   ; --            ; --                ; --             ;
; MISC_FILE                           ; final_project_soc/synthesis/../final_project_soc.cmp                ; --            ; --                ; --             ;
; MISC_FILE                           ; final_project_soc/synthesis/../../final_project_soc.qsys            ; --            ; --                ; --             ;
; NOMINAL_CORE_SUPPLY_VOLTAGE         ; 1.2V                                                                ; --            ; --                ; --             ;
; PARTITION_COLOR                     ; -- (Not supported for targeted family)                              ; --            ; DE2_115_Default   ; Top            ;
; PARTITION_COLOR                     ; -- (Not supported for targeted family)                              ; --            ; FinalProject      ; Top            ;
; PARTITION_COLOR                     ; -- (Not supported for targeted family)                              ; --            ; lab8              ; Top            ;
; PARTITION_FITTER_PRESERVATION_LEVEL ; -- (Not supported for targeted family)                              ; --            ; DE2_115_Default   ; Top            ;
; PARTITION_FITTER_PRESERVATION_LEVEL ; -- (Not supported for targeted family)                              ; --            ; FinalProject      ; Top            ;
; PARTITION_FITTER_PRESERVATION_LEVEL ; -- (Not supported for targeted family)                              ; --            ; lab8              ; Top            ;
; PARTITION_NETLIST_TYPE              ; -- (Not supported for targeted family)                              ; --            ; DE2_115_Default   ; Top            ;
; PARTITION_NETLIST_TYPE              ; -- (Not supported for targeted family)                              ; --            ; FinalProject      ; Top            ;
; PARTITION_NETLIST_TYPE              ; -- (Not supported for targeted family)                              ; --            ; lab8              ; Top            ;
; POWER_BOARD_THERMAL_MODEL           ; None (CONSERVATIVE)                                                 ; --            ; --                ; --             ;
; POWER_DEFAULT_INPUT_IO_TOGGLE_RATE  ; 12.5 %                                                              ; 12.5%         ; --                ; --             ;
; POWER_PRESET_COOLING_SOLUTION       ; 23 MM HEAT SINK WITH 200 LFPM AIRFLOW                               ; --            ; --                ; --             ;
; PROJECT_OUTPUT_DIRECTORY            ; output_files                                                        ; --            ; --                ; --             ;
; SLD_FILE                            ; final_project_soc/synthesis/final_project_soc.regmap                ; --            ; --                ; --             ;
; SLD_FILE                            ; final_project_soc/synthesis/final_project_soc.debuginfo             ; --            ; --                ; --             ;
; SLD_INFO                            ; QSYS_NAME final_project_soc HAS_SOPCINFO 1 GENERATION_ID 1587784976 ; --            ; final_project_soc ; --             ;
; SOPCINFO_FILE                       ; final_project_soc/synthesis/../../final_project_soc.sopcinfo        ; --            ; --                ; --             ;
; SYNTHESIS_ONLY_QIP                  ; On                                                                  ; --            ; --                ; --             ;
+-------------------------------------+---------------------------------------------------------------------+---------------+-------------------+----------------+


+--------------------------------------------------------------------------------------------------------------------------+
; Flow Elapsed Time                                                                                                        ;
+----------------------+--------------+-------------------------+---------------------+------------------------------------+
; Module Name          ; Elapsed Time ; Average Processors Used ; Peak Virtual Memory ; Total CPU Time (on all processors) ;
+----------------------+--------------+-------------------------+---------------------+------------------------------------+
; Analysis & Synthesis ; 00:07:45     ; 1.0                     ; 5104 MB             ; 00:08:33                           ;
; Fitter               ; 00:01:29     ; 1.1                     ; 5795 MB             ; 00:02:20                           ;
; Assembler            ; 00:00:12     ; 1.0                     ; 4744 MB             ; 00:00:11                           ;
; Power Analyzer       ; 00:00:38     ; 1.1                     ; 4983 MB             ; 00:00:39                           ;
; Timing Analyzer      ; 00:00:17     ; 1.2                     ; 4953 MB             ; 00:00:19                           ;
; EDA Netlist Writer   ; 00:00:25     ; 1.0                     ; 4793 MB             ; 00:00:26                           ;
; Total                ; 00:10:46     ; --                      ; --                  ; 00:12:28                           ;
+----------------------+--------------+-------------------------+---------------------+------------------------------------+


+------------------------------------------------------------------------------------+
; Flow OS Summary                                                                    ;
+----------------------+------------------+------------+------------+----------------+
; Module Name          ; Machine Hostname ; OS Name    ; OS Version ; Processor type ;
+----------------------+------------------+------------+------------+----------------+
; Analysis & Synthesis ; DESKTOP-8895PKD  ; Windows 10 ; 10.0       ; x86_64         ;
; Fitter               ; DESKTOP-8895PKD  ; Windows 10 ; 10.0       ; x86_64         ;
; Assembler            ; DESKTOP-8895PKD  ; Windows 10 ; 10.0       ; x86_64         ;
; Power Analyzer       ; DESKTOP-8895PKD  ; Windows 10 ; 10.0       ; x86_64         ;
; Timing Analyzer      ; DESKTOP-8895PKD  ; Windows 10 ; 10.0       ; x86_64         ;
; EDA Netlist Writer   ; DESKTOP-8895PKD  ; Windows 10 ; 10.0       ; x86_64         ;
+----------------------+------------------+------------+------------+----------------+


------------
; Flow Log ;
------------
quartus_map --read_settings_files=on --write_settings_files=off finalproject -c finalproject
quartus_fit --read_settings_files=off --write_settings_files=off finalproject -c finalproject
quartus_asm --read_settings_files=off --write_settings_files=off finalproject -c finalproject
quartus_pow --read_settings_files=off --write_settings_files=off finalproject -c finalproject
quartus_sta finalproject -c finalproject
quartus_eda --read_settings_files=off --write_settings_files=off finalproject -c finalproject



